TN:
SF:src/models/NoteManager/Note.ts
FN:4,(anonymous_0)
FN:30,(anonymous_1)
FN:40,(anonymous_2)
FN:55,(anonymous_3)
FN:62,(anonymous_4)
FN:69,(anonymous_5)
FN:79,(anonymous_6)
FN:86,(anonymous_7)
FN:93,(anonymous_8)
FNF:9
FNH:9
FNDA:1,(anonymous_0)
FNDA:7,(anonymous_1)
FNDA:2,(anonymous_2)
FNDA:15,(anonymous_3)
FNDA:6,(anonymous_4)
FNDA:6,(anonymous_5)
FNDA:2,(anonymous_6)
FNDA:2,(anonymous_7)
FNDA:2,(anonymous_8)
DA:4,1
DA:5,1
DA:6,1
DA:7,1
DA:8,1
DA:9,1
DA:19,1
DA:31,7
DA:32,7
DA:33,7
DA:41,2
DA:42,2
DA:43,2
DA:44,2
DA:45,2
DA:46,2
DA:56,15
DA:63,6
DA:70,6
DA:80,2
DA:87,2
DA:94,2
LF:22
LH:22
BRDA:4,0,0,1
BRDA:4,0,1,1
BRF:2
BRH:2
end_of_record
TN:
SF:src/models/NoteManager/NoteManager.ts
FN:19,(anonymous_0)
FN:25,(anonymous_1)
FN:41,(anonymous_2)
FN:48,(anonymous_3)
FN:58,(anonymous_4)
FN:63,(anonymous_5)
FN:76,(anonymous_6)
FN:90,(anonymous_7)
FN:109,(anonymous_8)
FN:117,(anonymous_9)
FN:133,(anonymous_10)
FN:139,(anonymous_11)
FN:154,(anonymous_12)
FN:158,(anonymous_13)
FNF:14
FNH:14
FNDA:2,(anonymous_0)
FNDA:1,(anonymous_1)
FNDA:25,(anonymous_2)
FNDA:2,(anonymous_3)
FNDA:3,(anonymous_4)
FNDA:1,(anonymous_5)
FNDA:2,(anonymous_6)
FNDA:2,(anonymous_7)
FNDA:2,(anonymous_8)
FNDA:1,(anonymous_9)
FNDA:2,(anonymous_10)
FNDA:1,(anonymous_11)
FNDA:2,(anonymous_12)
FNDA:1,(anonymous_13)
DA:2,1
DA:10,1
DA:11,2
DA:20,2
DA:21,2
DA:22,2
DA:23,1
DA:25,1
DA:26,1
DA:27,1
DA:28,1
DA:31,1
DA:42,25
DA:49,2
DA:59,3
DA:60,3
DA:61,2
DA:63,2
DA:64,1
DA:65,1
DA:66,1
DA:69,1
DA:77,2
DA:91,2
DA:92,1
DA:93,1
DA:94,1
DA:95,1
DA:97,1
DA:110,2
DA:111,1
DA:113,1
DA:115,1
DA:116,1
DA:117,1
DA:118,1
DA:119,1
DA:120,1
DA:121,1
DA:124,1
DA:134,2
DA:135,1
DA:137,1
DA:138,1
DA:139,1
DA:140,1
DA:141,1
DA:144,1
DA:145,1
DA:155,2
DA:156,1
DA:158,1
DA:159,1
DA:160,1
LF:54
LH:54
BRDA:22,0,0,1
BRDA:22,0,1,1
BRDA:60,1,0,2
BRDA:60,1,1,1
BRDA:91,2,0,1
BRDA:91,2,1,1
BRDA:110,3,0,1
BRDA:110,3,1,1
BRDA:118,4,0,1
BRDA:118,4,1,0
BRDA:134,5,0,1
BRDA:134,5,1,1
BRDA:140,6,0,1
BRDA:140,6,1,0
BRDA:155,7,0,1
BRDA:155,7,1,1
BRDA:159,8,0,1
BRDA:159,8,1,0
BRF:18
BRH:15
end_of_record
TN:
SF:src/models/client/ClientEventEmitter.ts
FN:12,(anonymous_0)
FN:16,(anonymous_1)
FN:20,(anonymous_2)
FNF:3
FNH:3
FNDA:1,(anonymous_0)
FNDA:3,(anonymous_1)
FNDA:1,(anonymous_2)
DA:1,1
DA:6,1
DA:13,1
DA:15,1
DA:16,1
DA:17,3
DA:20,1
DA:21,1
LF:8
LH:8
BRF:0
BRH:0
end_of_record
